hcmobile/hcmobile/ListViewAnimations-core-slh/build/outputs/logs/manifest-merger-debug-report.txt
-- Merging decision tree log ---
manifest
ADDED from hcmobile\ListViewAnimations-core-slh\AndroidManifest.xml:17:1-22:12
INJECTED from hcmobile\ListViewAnimations-core-slh\AndroidManifest.xml:17:1-22:12
INJECTED from hcmobile\ListViewAnimations-core-slh\AndroidManifest.xml:17:1-22:12
	package
		ADDED from hcmobile\ListViewAnimations-core-slh\AndroidManifest.xml:17:11-56
		INJECTED from hcmobile\ListViewAnimations-core-slh\AndroidManifest.xml
		INJECTED from hcmobile\ListViewAnimations-core-slh\AndroidManifest.xml
	xmlns:android
		ADDED from hcmobile\ListViewAnimations-core-slh\AndroidManifest.xml:17:57-115
application
ADDED from hcmobile\ListViewAnimations-core-slh\AndroidManifest.xml:19:5-20:19
	android:allowBackup
		ADDED from hcmobile\ListViewAnimations-core-slh\AndroidManifest.xml:19:18-44